0 info it worked if it ends with ok
1 verbose cli [ 'node', '/usr/bin/npm', 'pu' ]
2 info using npm@1.1.49
3 info using node@v0.8.12
4 verbose publish [ '.' ]
5 verbose read json /Users/kof/work/projects/kof/jqtpl/package.json
6 verbose cache add [ '.', null ]
7 silly cache add name=undefined spec="." args=[".",null]
8 verbose parsed url { pathname: '.', path: '.', href: '.' }
9 silly lockFile 3a52ce78- .
10 verbose lock . /Users/kof/.npm/3a52ce78-.lock
11 verbose read json package.json
12 verbose tar pack [ '/var/folders/mk/5nh5vnpn0yxck99h_fn_rf240000gn/T/npm-56740/1357841358400-0.35720876115374267/tmp.tgz',
12 verbose tar pack   '.' ]
13 verbose tarball /var/folders/mk/5nh5vnpn0yxck99h_fn_rf240000gn/T/npm-56740/1357841358400-0.35720876115374267/tmp.tgz
14 verbose folder .
15 info prepublish jqtpl@2.0.10rc1
16 silly lockFile 58754a88-8400-0-35720876115374267-tmp-tgz /var/folders/mk/5nh5vnpn0yxck99h_fn_rf240000gn/T/npm-56740/1357841358400-0.35720876115374267/tmp.tgz
17 verbose lock /var/folders/mk/5nh5vnpn0yxck99h_fn_rf240000gn/T/npm-56740/1357841358400-0.35720876115374267/tmp.tgz /Users/kof/.npm/58754a88-8400-0-35720876115374267-tmp-tgz.lock
18 silly lockFile 58754a88-8400-0-35720876115374267-tmp-tgz /var/folders/mk/5nh5vnpn0yxck99h_fn_rf240000gn/T/npm-56740/1357841358400-0.35720876115374267/tmp.tgz
19 verbose tar unpack /var/folders/mk/5nh5vnpn0yxck99h_fn_rf240000gn/T/npm-56740/1357841358400-0.35720876115374267/tmp.tgz
20 silly lockFile 570f9fdf-8400-0-35720876115374267-package /var/folders/mk/5nh5vnpn0yxck99h_fn_rf240000gn/T/npm-56740/1357841358400-0.35720876115374267/package
21 verbose lock /var/folders/mk/5nh5vnpn0yxck99h_fn_rf240000gn/T/npm-56740/1357841358400-0.35720876115374267/package /Users/kof/.npm/570f9fdf-8400-0-35720876115374267-package.lock
22 silly gunzTarPerm modes [ '777', '666' ]
23 silly gunzTarPerm extractEntry package.json
24 silly gunzTarPerm modified mode [ 'package.json', 420, 438 ]
25 silly gunzTarPerm extractEntry .npmignore
26 silly gunzTarPerm modified mode [ '.npmignore', 420, 438 ]
27 silly gunzTarPerm extractEntry index.js
28 silly gunzTarPerm modified mode [ 'index.js', 420, 438 ]
29 silly gunzTarPerm extractEntry benchmarks/render.js
30 silly gunzTarPerm modified mode [ 'benchmarks/render.js', 420, 438 ]
31 silly gunzTarPerm extractEntry history.md
32 silly gunzTarPerm modified mode [ 'history.md', 420, 438 ]
33 silly gunzTarPerm extractEntry lib/express.js
34 silly gunzTarPerm modified mode [ 'lib/express.js', 420, 438 ]
35 silly gunzTarPerm extractEntry lib/jqtpl.js
36 silly gunzTarPerm modified mode [ 'lib/jqtpl.js', 420, 438 ]
37 silly gunzTarPerm extractEntry lib/tags/tr.js
38 silly gunzTarPerm modified mode [ 'lib/tags/tr.js', 420, 438 ]
39 silly gunzTarPerm extractEntry lib/tags/verbatim.js
40 silly gunzTarPerm modified mode [ 'lib/tags/verbatim.js', 420, 438 ]
41 silly gunzTarPerm extractEntry Makefile
42 silly gunzTarPerm modified mode [ 'Makefile', 420, 438 ]
43 silly gunzTarPerm extractEntry readme.md
44 silly gunzTarPerm modified mode [ 'readme.md', 420, 438 ]
45 silly gunzTarPerm extractEntry test/express.js
46 silly gunzTarPerm modified mode [ 'test/express.js', 420, 438 ]
47 silly gunzTarPerm extractEntry test/jqtpl.js
48 silly gunzTarPerm modified mode [ 'test/jqtpl.js', 420, 438 ]
49 silly gunzTarPerm extractEntry test/tags.js
50 silly gunzTarPerm modified mode [ 'test/tags.js', 420, 438 ]
51 silly gunzTarPerm extractEntry test/fixtures/1/layouttest.html
52 silly gunzTarPerm modified mode [ 'test/fixtures/1/layouttest.html', 420, 438 ]
53 silly gunzTarPerm extractEntry test/fixtures/1/mylayout.html
54 silly gunzTarPerm modified mode [ 'test/fixtures/1/mylayout.html', 420, 438 ]
55 silly gunzTarPerm extractEntry test/fixtures/1/partialtest.html
56 silly gunzTarPerm modified mode [ 'test/fixtures/1/partialtest.html', 420, 438 ]
57 silly gunzTarPerm extractEntry test/fixtures/1/partialtest2.html
58 silly gunzTarPerm modified mode [ 'test/fixtures/1/partialtest2.html', 420, 438 ]
59 silly gunzTarPerm extractEntry test/fixtures/1/view.html
60 silly gunzTarPerm modified mode [ 'test/fixtures/1/view.html', 420, 438 ]
61 silly gunzTarPerm extractEntry test/fixtures/2/layout.html
62 silly gunzTarPerm modified mode [ 'test/fixtures/2/layout.html', 420, 438 ]
63 silly gunzTarPerm extractEntry test/fixtures/2/layout2.html
64 silly gunzTarPerm modified mode [ 'test/fixtures/2/layout2.html', 420, 438 ]
65 silly gunzTarPerm extractEntry test/fixtures/2/views/partial-and-layout.html
66 silly gunzTarPerm modified mode [ 'test/fixtures/2/views/partial-and-layout.html', 420, 438 ]
67 silly gunzTarPerm extractEntry test/fixtures/2/views/partial.html
68 silly gunzTarPerm modified mode [ 'test/fixtures/2/views/partial.html', 420, 438 ]
69 silly gunzTarPerm extractEntry test/fixtures/2/views/test.html
70 silly gunzTarPerm modified mode [ 'test/fixtures/2/views/test.html', 420, 438 ]
71 verbose read json /var/folders/mk/5nh5vnpn0yxck99h_fn_rf240000gn/T/npm-56740/1357841358400-0.35720876115374267/package/package.json
72 silly lockFile 570f9fdf-8400-0-35720876115374267-package /var/folders/mk/5nh5vnpn0yxck99h_fn_rf240000gn/T/npm-56740/1357841358400-0.35720876115374267/package
73 verbose from cache /var/folders/mk/5nh5vnpn0yxck99h_fn_rf240000gn/T/npm-56740/1357841358400-0.35720876115374267/package/package.json
74 verbose tar pack [ '/Users/kof/.npm/jqtpl/2.0.10rc1/package.tgz',
74 verbose tar pack   '/var/folders/mk/5nh5vnpn0yxck99h_fn_rf240000gn/T/npm-56740/1357841358400-0.35720876115374267/package' ]
75 verbose tarball /Users/kof/.npm/jqtpl/2.0.10rc1/package.tgz
76 verbose folder /var/folders/mk/5nh5vnpn0yxck99h_fn_rf240000gn/T/npm-56740/1357841358400-0.35720876115374267/package
77 silly lockFile 256f9810--npm-jqtpl-2-0-10rc1-package-tgz /Users/kof/.npm/jqtpl/2.0.10rc1/package.tgz
78 verbose lock /Users/kof/.npm/jqtpl/2.0.10rc1/package.tgz /Users/kof/.npm/256f9810--npm-jqtpl-2-0-10rc1-package-tgz.lock
79 silly lockFile 256f9810--npm-jqtpl-2-0-10rc1-package-tgz /Users/kof/.npm/jqtpl/2.0.10rc1/package.tgz
80 silly lockFile 8072c100--kof-npm-jqtpl-2-0-10rc1-package /Users/kof/.npm/jqtpl/2.0.10rc1/package
81 verbose lock /Users/kof/.npm/jqtpl/2.0.10rc1/package /Users/kof/.npm/8072c100--kof-npm-jqtpl-2-0-10rc1-package.lock
82 silly lockFile 8072c100--kof-npm-jqtpl-2-0-10rc1-package /Users/kof/.npm/jqtpl/2.0.10rc1/package
83 verbose tar unpack /Users/kof/.npm/jqtpl/2.0.10rc1/package.tgz
84 silly lockFile 8072c100--kof-npm-jqtpl-2-0-10rc1-package /Users/kof/.npm/jqtpl/2.0.10rc1/package
85 verbose lock /Users/kof/.npm/jqtpl/2.0.10rc1/package /Users/kof/.npm/8072c100--kof-npm-jqtpl-2-0-10rc1-package.lock
86 silly gunzTarPerm modes [ '777', '666' ]
87 silly gunzTarPerm extractEntry package.json
88 silly gunzTarPerm extractEntry .npmignore
89 silly gunzTarPerm extractEntry index.js
90 silly gunzTarPerm extractEntry benchmarks/render.js
91 silly gunzTarPerm extractEntry history.md
92 silly gunzTarPerm extractEntry lib/express.js
93 silly gunzTarPerm extractEntry lib/jqtpl.js
94 silly gunzTarPerm extractEntry lib/tags/tr.js
95 silly gunzTarPerm extractEntry lib/tags/verbatim.js
96 silly gunzTarPerm extractEntry Makefile
97 silly gunzTarPerm extractEntry readme.md
98 silly gunzTarPerm extractEntry test/express.js
99 silly gunzTarPerm extractEntry test/jqtpl.js
100 silly gunzTarPerm extractEntry test/tags.js
101 silly gunzTarPerm extractEntry test/fixtures/1/layouttest.html
102 silly gunzTarPerm extractEntry test/fixtures/1/mylayout.html
103 silly gunzTarPerm extractEntry test/fixtures/1/partialtest.html
104 silly gunzTarPerm extractEntry test/fixtures/1/partialtest2.html
105 silly gunzTarPerm extractEntry test/fixtures/1/view.html
106 silly gunzTarPerm extractEntry test/fixtures/2/layout.html
107 silly gunzTarPerm extractEntry test/fixtures/2/layout2.html
108 silly gunzTarPerm extractEntry test/fixtures/2/views/partial-and-layout.html
109 silly gunzTarPerm extractEntry test/fixtures/2/views/partial.html
110 silly gunzTarPerm extractEntry test/fixtures/2/views/test.html
111 verbose read json /Users/kof/.npm/jqtpl/2.0.10rc1/package/package.json
112 silly lockFile 8072c100--kof-npm-jqtpl-2-0-10rc1-package /Users/kof/.npm/jqtpl/2.0.10rc1/package
113 silly shasum updated bytes 12597
114 info shasum 61025821506598130b30dd814bd9f0aaa88ca3a0
114 info shasum /Users/kof/.npm/jqtpl/2.0.10rc1/package.tgz
115 verbose from cache /Users/kof/.npm/jqtpl/2.0.10rc1/package/package.json
116 verbose chmod /Users/kof/.npm/jqtpl/2.0.10rc1/package.tgz 666
117 verbose chown /Users/kof/.npm/jqtpl/2.0.10rc1/package.tgz [ 501, 20 ]
118 silly lockFile 3a52ce78- .
119 silly publish { name: 'jqtpl',
119 silly publish   description: 'A template engine for nodejs, browser and any other javascript environment',
119 silly publish   version: '2.0.10rc1',
119 silly publish   author: { name: 'Oleg Slobodskoi', email: 'oleg008@gmail.com' },
119 silly publish   repository: { type: 'git', url: 'http://github.com/kof/jqtpl.git' },
119 silly publish   keywords: [ 'template', 'engine', 'jquery', 'jquery-tmpl', 'logic-less' ],
119 silly publish   engines: { node: '*' },
119 silly publish   dependencies: { underscore: '1.4.x' },
119 silly publish   devDependencies: { express: '3.0.x', qunit: '0.5.x', request: '2.9.x' },
119 silly publish   licenses:
119 silly publish    [ { type: 'MIT',
119 silly publish        url: 'http://www.opensource.org/licenses/mit-license.php' } ],
119 silly publish   readme: '## A template engine for nodejs, browser and any other javascript environment.\n\n- Logic-less.\n- Extendable - implement your own tags.\n- Html escaped per default.\n\n### Originally started as a port of jquery templates.\n\nhttp://github.com/jquery/jquery-tmpl\n\nhttp://api.jquery.com/category/plugins/templates/\n\n**Now compatibility to the original engine is dropped as jquery-tmpl is not any more developed.**\n\n### Installation\n\t$ npm i jqtpl\n    $ make test\n\n## Template API\n\n### ${}, {{=}} print variable, array or function (escaped)\n\n- Print variable\n\n    \t// tpl\n        <div>${a}</div>\n    \t// code\n        jqtpl.render(tpl, {a:123});\n        // output\n        <div>123</div>\n\n- Print array\n\n        //tpl\n        <div>${a}</div>\n        // code\n        jqtpl.render(tpl, [{a:1},{a:2},{a:3}]);\n        // output\n        <div>1</div><div>2</div><div>3</div>\n\n- Print automatically detected function\n\n        // tpl\n        <div>${a}</div>\n        // code\n        jqtpl.render(tpl, {\n            a: function() {\n                return 1 + 5;\n           }\n        });\n        //output\n        <div>6</div>\n\n### {{if}} and {{else}}\n\n\t// tpl\n    {{if a == 6}}\n        <div>${a}</div>\n    {{else a == 5}}\n    \t<div>5</div>\n    {{else}}\n        <div>a is not 6 and not 5</div>\n    {{/if}}\n\n\t// code\n    jqtpl.render(tpl, {a:6});\n\n\t// output\n    <div>6</div>\n\n\t// code\n    jqtpl.render(tpl, {a:5});\n\n\t// output\n    <div>a is not 6</div>\n\n### {{each}} looping.\n\n\t// tpl\n    {{each(name, i) names}}\n        <div>${i}.${name}</div>\n    {{/each}}\n\n    // alternative syntax\n\t{{each names}}\n\t\t<div>${$index}.${$value}</div>\n\t{{/each}}\n\n\t// code\n    jqtpl.render(tpl, {names: [\'A\', \'B\']});\n\n\t// output\n    <div>0.A</div><div>1.B</div>\n\n### {{html}} -  print unescaped html.\n\n\t// tpl\n    <div>{{html a}}</div>\n\n\t// code\n    jqtpl.render(tpl, {a:\'<div id="123">2</div>\'});\n\n\t// output\n    <div id="123">2</div>\n\n\n### {{!}} - comments.\n\n\t// tpl\n    <div>{{! its a comment}}</div>\n\n\t// code\n    jqtpl.render(tpl);\n\n\t// output\n    <div></div>\n\n### {{partial}} - subtemplates.\n\nRender subtemplates by passing a template string, template name or file name (serverside).\n\n**Note: passing json object with 2 curly brackets without any separation will break the engine: {{partial({a: {b: 1}}) \'mypartial\'}}**\n\n\t// tpl\n    <div>{{partial({name: \'Test\'}) \'${name}\'}}</div>\n    <div>{{partial \'myTemplate\'}}</div>\n    <div>{{partial \'myTemplate.html\'}}</div>\n\n\t// code\n    jqtpl.render(tpl);\n\n\t// output\n    <div>Test</div>\n\n\n### {{verbatim}} tag\n\nSkip a part of your template - leave it in original on the same place but without "verbatim" tag. If you render the result as a template again - it will be rendered.\n\nThe use case is to be able to render the same template partially on the server and on the client. F.e. a layout template can contain variables which needs to be rendered on the server and templates which need to be rendered on the client.\n\n    // mytemplate.html\n    <div>my name is ${name}</div>\n    {{verbatim}}\n    <script id="my-template">\n        <div>your name is ${userName}</div>\n    </script>\n    {{/verbatim}}\n\n    // code\n    res.render(\'myaction\', {name: \'Kof\'});\n\n    // output\n    <div>my name is Kof</div>\n    <script id="my-template">\n        <div>your name is ${userName}</div>\n    </script>\n\n\n## Engine API\n\n### require the module\n    var jqtpl = require(\'jqtpl\');\n\n### jqtpl.render(markup, [data]);\n\nCompile and render a template. It uses `jqtpl.template` method. Returns a rendered html string.\n\n- `markup` html code or precompiled template name.\n- `data` optional object or array of data.\n\n### jqtpl.compile(markup, [name])\n\nCompile and cache a template string. Returns a `render` function which can be called to render the template, see `jtpl.render`.\n\n- `markup` html string.\n- `name` optional template name, if no name is passed - markup string will be used as a name.\n\n        // tpl\n        <div>${a}</div>\n\n        // code\n\n        // precompile an cache it\n        jqtpl.compile(tpl, \'myTemplate\');\n\n        // render user a name\n        jqtpl.render(\'myTemplate\', {a:1});\n\n        // delete the template from cache\n        delete jqtpl.cache[\'myTemplate\'];\n\n        // output\n        <div>1</div>\n\n### jqtpl.cache\n\nA map of compiled templates.\n\n- `key` - template name or markup string.\n- `value` - compiled template function.\n\n### jqtpl.$\n\nA namespace for global helper functions, which can be used in every template.\n\n## Express specific stuff\n\n**Note: express will cache all templates in production!**\n\n### Usage\n\n    app.set(\'views\', \'/path/to/the/views/dir\');\n    app.set(\'view engine\', \'html\');\n    app.set(\'layout\', true);\n    app.engine(\'html\', require(\'jqtpl\').__express);\n\n### {{layout}} tag\n\nUsing layout tag in a view it is possible to define a layout within this view.\n\n\t// mylayout.html\n\t<html>\n\t{{html body}}\n    </html>\n\n    // myview.html\n    {{layout \'mylayout\'}}\n\t<div>myview</div>\n\n    // myview1.html\n    {{layout({a: 1}) \'mylayout\'}}\n    <div>myview1</div>\n\n    // output\n    <html>\n\t<div>myview</div>\n    </html>\n\n## Licence\n\nSee package.json\n',
119 silly publish   _id: 'jqtpl@2.0.10rc1',
119 silly publish   dist: { shasum: '61025821506598130b30dd814bd9f0aaa88ca3a0' } }
120 verbose url raw jqtpl
121 verbose url resolving [ 'https://registry.npmjs.org/', './jqtpl' ]
122 verbose url resolved https://registry.npmjs.org/jqtpl
123 info retry registry request attempt 1 at 19:09:18
124 http PUT https://registry.npmjs.org/jqtpl
125 http 409 https://registry.npmjs.org/jqtpl
126 verbose url raw jqtpl
127 verbose url resolving [ 'https://registry.npmjs.org/', './jqtpl' ]
128 verbose url resolved https://registry.npmjs.org/jqtpl
129 info retry registry request attempt 1 at 19:09:20
130 http GET https://registry.npmjs.org/jqtpl
131 http 200 https://registry.npmjs.org/jqtpl
132 error publish fail Cannot publish over existing version.
132 error publish fail Bump the 'version' field, set the --force flag, or
132 error publish fail     npm unpublish 'jqtpl@2.0.10rc1'
132 error publish fail and try again
133 error System Darwin 12.2.0
134 error command "node" "/usr/bin/npm" "pu"
135 error cwd /Users/kof/work/projects/kof/jqtpl
136 error node -v v0.8.12
137 error npm -v 1.1.49
138 error code EPUBLISHCONFLICT
139 verbose exit [ 1, true ]
